d:\学习\repo\cpplab_zyh-hehe\drawingboard1\x64\debug\vc142.pdb
d:\学习\repo\cpplab_zyh-hehe\drawingboard1\x64\debug\vc142.idb
d:\学习\repo\cpplab_zyh-hehe\drawingboard1\x64\debug\triangle.obj
d:\学习\repo\cpplab_zyh-hehe\drawingboard1\x64\debug\shape.obj
d:\学习\repo\cpplab_zyh-hehe\drawingboard1\x64\debug\rectangle.obj
d:\学习\repo\cpplab_zyh-hehe\drawingboard1\x64\debug\point.obj
d:\学习\repo\cpplab_zyh-hehe\drawingboard1\x64\debug\menu.obj
d:\学习\repo\cpplab_zyh-hehe\drawingboard1\x64\debug\mainfunction.obj
d:\学习\repo\cpplab_zyh-hehe\drawingboard1\x64\debug\initializing.obj
d:\学习\repo\cpplab_zyh-hehe\drawingboard1\x64\debug\color.obj
d:\学习\repo\cpplab_zyh-hehe\drawingboard1\x64\debug\circle.obj
d:\学习\repo\cpplab_zyh-hehe\drawingboard1\x64\debug\board.obj
d:\学习\repo\cpplab_zyh-hehe\x64\debug\2020211809-张越晗-lab1.exe
d:\学习\repo\cpplab_zyh-hehe\x64\debug\2020211809-张越晗-lab1.ilk
d:\学习\repo\cpplab_zyh-hehe\x64\debug\2020211809-张越晗-lab1.pdb
d:\学习\repo\cpplab_zyh-hehe\drawingboard1\x64\debug\20202118.5364acf9.tlog\cl.command.1.tlog
d:\学习\repo\cpplab_zyh-hehe\drawingboard1\x64\debug\20202118.5364acf9.tlog\cl.read.1.tlog
d:\学习\repo\cpplab_zyh-hehe\drawingboard1\x64\debug\20202118.5364acf9.tlog\cl.write.1.tlog
d:\学习\repo\cpplab_zyh-hehe\drawingboard1\x64\debug\20202118.5364acf9.tlog\link.command.1.tlog
d:\学习\repo\cpplab_zyh-hehe\drawingboard1\x64\debug\20202118.5364acf9.tlog\link.read.1.tlog
d:\学习\repo\cpplab_zyh-hehe\drawingboard1\x64\debug\20202118.5364acf9.tlog\link.write.1.tlog
