c:\users\zyh-hehe\desktop\2020211809-张越晗-lab4\drawingboard1\x64\debug\vc142.pdb
c:\users\zyh-hehe\desktop\2020211809-张越晗-lab4\drawingboard1\x64\debug\vc142.idb
c:\users\zyh-hehe\desktop\2020211809-张越晗-lab4\drawingboard1\x64\debug\triangle.obj
c:\users\zyh-hehe\desktop\2020211809-张越晗-lab4\drawingboard1\x64\debug\shape.obj
c:\users\zyh-hehe\desktop\2020211809-张越晗-lab4\drawingboard1\x64\debug\rectangle.obj
c:\users\zyh-hehe\desktop\2020211809-张越晗-lab4\drawingboard1\x64\debug\point.obj
c:\users\zyh-hehe\desktop\2020211809-张越晗-lab4\drawingboard1\x64\debug\menu.obj
c:\users\zyh-hehe\desktop\2020211809-张越晗-lab4\drawingboard1\x64\debug\mainfunction.obj
c:\users\zyh-hehe\desktop\2020211809-张越晗-lab4\drawingboard1\x64\debug\initializing.obj
c:\users\zyh-hehe\desktop\2020211809-张越晗-lab4\drawingboard1\x64\debug\fileio.obj
c:\users\zyh-hehe\desktop\2020211809-张越晗-lab4\drawingboard1\x64\debug\color.obj
c:\users\zyh-hehe\desktop\2020211809-张越晗-lab4\drawingboard1\x64\debug\circle.obj
c:\users\zyh-hehe\desktop\2020211809-张越晗-lab4\drawingboard1\x64\debug\board.obj
c:\users\zyh-hehe\desktop\2020211809-张越晗-lab4\x64\debug\2020211809-张越晗-lab2.exe
c:\users\zyh-hehe\desktop\2020211809-张越晗-lab4\x64\debug\2020211809-张越晗-lab2.ilk
c:\users\zyh-hehe\desktop\2020211809-张越晗-lab4\x64\debug\2020211809-张越晗-lab2.pdb
c:\users\zyh-hehe\desktop\2020211809-张越晗-lab4\drawingboard1\x64\debug\20202118.5364acf9.tlog\cl.command.1.tlog
c:\users\zyh-hehe\desktop\2020211809-张越晗-lab4\drawingboard1\x64\debug\20202118.5364acf9.tlog\cl.read.1.tlog
c:\users\zyh-hehe\desktop\2020211809-张越晗-lab4\drawingboard1\x64\debug\20202118.5364acf9.tlog\cl.write.1.tlog
c:\users\zyh-hehe\desktop\2020211809-张越晗-lab4\drawingboard1\x64\debug\20202118.5364acf9.tlog\link.command.1.tlog
c:\users\zyh-hehe\desktop\2020211809-张越晗-lab4\drawingboard1\x64\debug\20202118.5364acf9.tlog\link.read.1.tlog
c:\users\zyh-hehe\desktop\2020211809-张越晗-lab4\drawingboard1\x64\debug\20202118.5364acf9.tlog\link.write.1.tlog
