d:\学习\大一下\c++\代码\unit10\selectionsort\debug\vc142.pdb
d:\学习\大一下\c++\代码\unit10\selectionsort\debug\vc142.idb
d:\学习\大一下\c++\代码\unit10\selectionsort\debug\testselectionsort.obj
d:\学习\大一下\c++\代码\unit10\selectionsort\debug\selectionsort.obj
d:\study\大一下\c++\代码\unit10\selectionsort\debug\vc142.pdb
d:\study\大一下\c++\代码\unit10\selectionsort\debug\vc142.idb
d:\study\大一下\c++\代码\unit10\selectionsort\debug\selectionsort.obj
d:\study\大一下\c++\代码\unit10\selectionsort\debug\testselectionsort.obj
d:\学习\大一下\c++\代码\unit10\debug\selectionsort.exe
d:\学习\大一下\c++\代码\unit10\debug\selectionsort.ilk
d:\学习\大一下\c++\代码\unit10\debug\selectionsort.pdb
d:\study\大一下\c++\代码\unit10\debug\selectionsort.exe
d:\study\大一下\c++\代码\unit10\debug\selectionsort.ilk
d:\study\大一下\c++\代码\unit10\debug\selectionsort.pdb
d:\study\大一下\c++\代码\unit10\selectionsort\debug\selectionsort.tlog\cl.command.1.tlog
d:\study\大一下\c++\代码\unit10\selectionsort\debug\selectionsort.tlog\cl.read.1.tlog
d:\study\大一下\c++\代码\unit10\selectionsort\debug\selectionsort.tlog\cl.write.1.tlog
d:\study\大一下\c++\代码\unit10\selectionsort\debug\selectionsort.tlog\link.command.1.tlog
d:\study\大一下\c++\代码\unit10\selectionsort\debug\selectionsort.tlog\link.read.1.tlog
d:\study\大一下\c++\代码\unit10\selectionsort\debug\selectionsort.tlog\link.write.1.tlog
