c:\users\zyh-hehe\desktop\2020211809-04\2020211809-04\debug\vc142.pdb
c:\users\zyh-hehe\desktop\2020211809-04\2020211809-04\debug\vc142.idb
c:\users\zyh-hehe\desktop\2020211809-04\2020211809-04\debug\whetherfill.obj
c:\users\zyh-hehe\desktop\2020211809-04\2020211809-04\debug\saveandreadfile.obj
c:\users\zyh-hehe\desktop\2020211809-04\2020211809-04\debug\mousedraw.obj
c:\users\zyh-hehe\desktop\2020211809-04\2020211809-04\debug\menu.obj
c:\users\zyh-hehe\desktop\2020211809-04\2020211809-04\debug\mainfunction.obj
c:\users\zyh-hehe\desktop\2020211809-04\2020211809-04\debug\initialsettingsfunction.obj
c:\users\zyh-hehe\desktop\2020211809-04\2020211809-04\debug\drawpoly.obj
c:\users\zyh-hehe\desktop\2020211809-04\2020211809-04\debug\clearandredraw.obj
c:\users\zyh-hehe\desktop\2020211809-04\2020211809-04\debug\choosedrawwhat.obj
c:\users\zyh-hehe\desktop\2020211809-04\2020211809-04\debug\choosecolor.obj
c:\users\zyh-hehe\desktop\2020211809-04\debug\2020211809-04.ilk
c:\users\zyh-hehe\desktop\2020211809-04\debug\2020211809-04.exe
c:\users\zyh-hehe\desktop\2020211809-04\debug\2020211809-04.pdb
c:\users\zyh-hehe\desktop\2020211809-04\2020211809-04\debug\2020211809-04.tlog\cl.command.1.tlog
c:\users\zyh-hehe\desktop\2020211809-04\2020211809-04\debug\2020211809-04.tlog\cl.read.1.tlog
c:\users\zyh-hehe\desktop\2020211809-04\2020211809-04\debug\2020211809-04.tlog\cl.write.1.tlog
c:\users\zyh-hehe\desktop\2020211809-04\2020211809-04\debug\2020211809-04.tlog\link.command.1.tlog
c:\users\zyh-hehe\desktop\2020211809-04\2020211809-04\debug\2020211809-04.tlog\link.read.1.tlog
c:\users\zyh-hehe\desktop\2020211809-04\2020211809-04\debug\2020211809-04.tlog\link.write.1.tlog
