  BusinessTraveler.cpp
D:\学习\大一下\c++\代码\midterm\midterm\midterm1\Pager.h(4,22): error C3646: “NumberOfPager”: 未知重写说明符
D:\学习\大一下\c++\代码\midterm\midterm\midterm1\Pager.h(4,22): error C4430: 缺少类型说明符 - 假定为 int。注意: C++ 不支持默认 int
D:\学习\大一下\c++\代码\midterm\midterm\midterm1\Pager.h(8,7): error C2061: 语法错误: 标识符“string”
D:\学习\大一下\c++\代码\midterm\midterm\midterm1\Pager.h(8,7): error C2535: “Pager::Pager(void)”: 已经定义或声明成员函数
D:\学习\大一下\c++\代码\midterm\midterm\midterm1\Pager.h(6): message : 参见“Pager::Pager”的声明
D:\学习\大一下\c++\代码\midterm\midterm\midterm1\Pager.h(12,25): error C3646: “getNumberOfPager”: 未知重写说明符
D:\学习\大一下\c++\代码\midterm\midterm\midterm1\Pager.h(12,25): error C2059: 语法错误:“(”
D:\学习\大一下\c++\代码\midterm\midterm\midterm1\Pager.h(12,32): error C2238: 意外的标记位于“;”之前
D:\学习\大一下\c++\代码\midterm\midterm\midterm1\Pager.h(14,30): error C2061: 语法错误: 标识符“string”
D:\学习\大一下\c++\代码\midterm\midterm\midterm1\BusinessTraveler.h(7,31): error C2664: “Pager::Pager(Pager &)”: 无法将参数 1 从“const char [11]”转换为“Pager &”
D:\学习\大一下\c++\代码\midterm\midterm\midterm1\Pager.h(10,2): message : 参见“Pager::Pager”的声明
D:\学习\大一下\c++\代码\midterm\midterm\midterm1\BusinessTraveler.cpp(9,72): error C2440: “<function-style-cast>”: 无法从“std::string”转换为“Pager”
D:\学习\大一下\c++\代码\midterm\midterm\midterm1\BusinessTraveler.cpp(9,72): message : 无构造函数可以接受源类型，或构造函数重载决策不明确
D:\学习\大一下\c++\代码\midterm\midterm\midterm1\BusinessTraveler.cpp(14,82): error C2039: "getNumberOfPager": 不是 "Pager" 的成员
D:\学习\大一下\c++\代码\midterm\midterm\midterm1\Pager.h(2): message : 参见“Pager”的声明
D:\学习\大一下\c++\代码\midterm\midterm\midterm1\BusinessTraveler.cpp(18,40): error C2039: "getNumberOfPager": 不是 "Pager" 的成员
D:\学习\大一下\c++\代码\midterm\midterm\midterm1\Pager.h(2): message : 参见“Pager”的声明
D:\学习\大一下\c++\代码\midterm\midterm\midterm1\BusinessTraveler.cpp(27,68): error C2039: "getNumberOfPager": 不是 "Pager" 的成员
D:\学习\大一下\c++\代码\midterm\midterm\midterm1\Pager.h(2): message : 参见“Pager”的声明
  midterm1.cpp
  Pager.cpp
D:\学习\大一下\c++\代码\midterm\midterm\midterm1\Pager.h(4,22): error C3646: “NumberOfPager”: 未知重写说明符
D:\学习\大一下\c++\代码\midterm\midterm\midterm1\Pager.h(4,22): error C4430: 缺少类型说明符 - 假定为 int。注意: C++ 不支持默认 int
D:\学习\大一下\c++\代码\midterm\midterm\midterm1\Pager.h(8,7): error C2061: 语法错误: 标识符“string”
D:\学习\大一下\c++\代码\midterm\midterm\midterm1\Pager.h(8,7): error C2535: “Pager::Pager(void)”: 已经定义或声明成员函数
D:\学习\大一下\c++\代码\midterm\midterm\midterm1\Pager.h(6): message : 参见“Pager::Pager”的声明
D:\学习\大一下\c++\代码\midterm\midterm\midterm1\Pager.h(12,25): error C3646: “getNumberOfPager”: 未知重写说明符
D:\学习\大一下\c++\代码\midterm\midterm\midterm1\Pager.h(12,25): error C2059: 语法错误:“(”
D:\学习\大一下\c++\代码\midterm\midterm\midterm1\Pager.h(12,32): error C2238: 意外的标记位于“;”之前
D:\学习\大一下\c++\代码\midterm\midterm\midterm1\Pager.h(14,30): error C2061: 语法错误: 标识符“string”
D:\学习\大一下\c++\代码\midterm\midterm\midterm1\Pager.cpp(4,37): error C2511: “Pager::Pager(std::string)”:“Pager”中没有找到重载的成员函数
D:\学习\大一下\c++\代码\midterm\midterm\midterm1\Pager.h(2): message : 参见“Pager”的声明
D:\学习\大一下\c++\代码\midterm\midterm\midterm1\Pager.cpp(5,3): error C2671: “Pager::{ctor}”: 静态成员函数没有“this”指针
D:\学习\大一下\c++\代码\midterm\midterm\midterm1\Pager.cpp(9,9): error C2039: "NumberOfPager": 不是 "Pager" 的成员
D:\学习\大一下\c++\代码\midterm\midterm\midterm1\Pager.h(2): message : 参见“Pager”的声明
D:\学习\大一下\c++\代码\midterm\midterm\midterm1\Pager.cpp(9,32): error C2039: "getNumberOfPager": 不是 "Pager" 的成员
D:\学习\大一下\c++\代码\midterm\midterm\midterm1\Pager.h(2): message : 参见“Pager”的声明
D:\学习\大一下\c++\代码\midterm\midterm\midterm1\Pager.cpp(12,15): error C2039: "getNumberOfPager": 不是 "Pager" 的成员
D:\学习\大一下\c++\代码\midterm\midterm\midterm1\Pager.h(2): message : 参见“Pager”的声明
D:\学习\大一下\c++\代码\midterm\midterm\midterm1\Pager.cpp(12,39): error C2270: “getNumberOfPager”: 非成员函数上不允许修饰符
D:\学习\大一下\c++\代码\midterm\midterm\midterm1\Pager.cpp(13,9): error C2355: “this”: 只能在非静态成员函数或非静态数据成员初始值设定项的内部引用
D:\学习\大一下\c++\代码\midterm\midterm\midterm1\Pager.cpp(16,54): error C2511: “void Pager::setNumberOfPager(std::string &)”:“Pager”中没有找到重载的成员函数
D:\学习\大一下\c++\代码\midterm\midterm\midterm1\Pager.h(2): message : 参见“Pager”的声明
D:\学习\大一下\c++\代码\midterm\midterm\midterm1\Pager.cpp(17,2): error C2671: “Pager::setNumberOfPager”: 静态成员函数没有“this”指针
  Traveler.cpp
  正在生成代码...
