d:\学习\大一下\c++\代码\unit10\genericsort\debug\vc142.pdb
d:\学习\大一下\c++\代码\unit10\genericsort\debug\vc142.idb
d:\学习\大一下\c++\代码\unit10\genericsort\debug\testgenericsort.obj
d:\学习\大一下\c++\代码\unit10\genericsort\debug\genericsort.obj
d:\study\大一下\c++\代码\unit10\genericsort\debug\vc142.pdb
d:\study\大一下\c++\代码\unit10\genericsort\debug\vc142.idb
d:\study\大一下\c++\代码\unit10\genericsort\debug\testgenericsort.obj
d:\学习\大一下\c++\代码\unit10\debug\genericsort.exe
d:\学习\大一下\c++\代码\unit10\debug\genericsort.ilk
d:\学习\大一下\c++\代码\unit10\debug\genericsort.pdb
d:\study\大一下\c++\代码\unit10\debug\genericsort.exe
d:\study\大一下\c++\代码\unit10\debug\genericsort.ilk
d:\study\大一下\c++\代码\unit10\debug\genericsort.pdb
d:\study\大一下\c++\代码\unit10\genericsort\debug\genericsort.obj
d:\study\大一下\c++\代码\unit10\genericsort\debug\genericsort.tlog\cl.command.1.tlog
d:\study\大一下\c++\代码\unit10\genericsort\debug\genericsort.tlog\cl.read.1.tlog
d:\study\大一下\c++\代码\unit10\genericsort\debug\genericsort.tlog\cl.write.1.tlog
d:\study\大一下\c++\代码\unit10\genericsort\debug\genericsort.tlog\link.command.1.tlog
d:\study\大一下\c++\代码\unit10\genericsort\debug\genericsort.tlog\link.read.1.tlog
d:\study\大一下\c++\代码\unit10\genericsort\debug\genericsort.tlog\link.write.1.tlog
